# JRE version: Java(TM) SE Runtime Environment (17.0.12+8) (build 17.0.12+8-LTS-286)
# Java VM: Java HotSpot(TM) 64-Bit Server VM (17.0.12+8-LTS-286, mixed mode, sharing, tiered, compressed oops, compressed class ptrs, g1 gc, windows-amd64)
GC Precious Log:
 CPUs: 4 total, 4 available
 Memory: 3931M
 Large Page Support: Disabled
 NUMA Support: Disabled
 Compressed Oops: Enabled (32-bit)
 Heap Region Size: 1M
 Heap Min Capacity: 8M
 Heap Initial Capacity: 62M
 Heap Max Capacity: 984M
 Pre-touch: Disabled
 Parallel Workers: 4
 Concurrent Workers: 1
 Concurrent Refinement Workers: 4
 Periodic GC: Disabled
Heap:
 garbage-first heap   total 102400K, used 56629K [0x00000000c2800000, 0x0000000100000000)
  region size 1024K, 26 young (26624K), 4 survivors (4096K)
 Metaspace       used 81909K, committed 82688K, reserved 1179648K
  class space    used 11019K, committed 11392K, reserved 1048576K
GC Heap History (20 events):
Event: 281.678 GC heap before
{Heap before GC invocations=25 (full 0):
 garbage-first heap   total 58368K, used 43691K [0x00000000c2800000, 0x0000000100000000)
  region size 1024K, 13 young (13312K), 1 survivors (1024K)
 Metaspace       used 69404K, committed 70016K, reserved 1114112K
  class space    used 9665K, committed 9920K, reserved 1048576K
}
Event: 281.714 GC heap after
{Heap after GC invocations=26 (full 0):
 garbage-first heap   total 58368K, used 32987K [0x00000000c2800000, 0x0000000100000000)
  region size 1024K, 1 young (1024K), 1 survivors (1024K)
 Metaspace       used 69404K, committed 70016K, reserved 1114112K
  class space    used 9665K, committed 9920K, reserved 1048576K
}
Event: 281.796 GC heap before
{Heap before GC invocations=26 (full 0):
 garbage-first heap   total 58368K, used 34011K [0x00000000c2800000, 0x0000000100000000)
  region size 1024K, 2 young (2048K), 1 survivors (1024K)
 Metaspace       used 69519K, committed 70080K, reserved 1114112K
  class space    used 9684K, committed 9920K, reserved 1048576K
}
Event: 281.847 GC heap after
{Heap after GC invocations=27 (full 0):
 garbage-first heap   total 58368K, used 32571K [0x00000000c2800000, 0x0000000100000000)
  region size 1024K, 1 young (1024K), 1 survivors (1024K)
 Metaspace       used 69519K, committed 70080K, reserved 1114112K
  class space    used 9684K, committed 9920K, reserved 1048576K
}
Event: 282.888 GC heap before
{Heap before GC invocations=27 (full 0):
 garbage-first heap   total 58368K, used 45883K [0x00000000c2800000, 0x0000000100000000)
  region size 1024K, 15 young (15360K), 1 survivors (1024K)
 Metaspace       used 73009K, committed 73536K, reserved 1114112K
  class space    used 10189K, committed 10432K, reserved 1048576K
}
Event: 282.902 GC heap after
{Heap after GC invocations=28 (full 0):
 garbage-first heap   total 116736K, used 33159K [0x00000000c2800000, 0x0000000100000000)
  region size 1024K, 1 young (1024K), 1 survivors (1024K)
 Metaspace       used 73009K, committed 73536K, reserved 1114112K
  class space    used 10189K, committed 10432K, reserved 1048576K
}
Event: 678.257 GC heap before
{Heap before GC invocations=29 (full 0):
 garbage-first heap   total 116736K, used 65927K [0x00000000c2800000, 0x0000000100000000)
  region size 1024K, 34 young (34816K), 1 survivors (1024K)
 Metaspace       used 78640K, committed 79296K, reserved 1179648K
  class space    used 10834K, committed 11136K, reserved 1048576K
}
Event: 679.508 GC heap after
{Heap after GC invocations=30 (full 1):
 garbage-first heap   total 102400K, used 29590K [0x00000000c2800000, 0x0000000100000000)
  region size 1024K, 0 young (0K), 0 survivors (0K)
 Metaspace       used 78640K, committed 79296K, reserved 1179648K
  class space    used 10834K, committed 11136K, reserved 1048576K
}
Event: 682.322 GC heap before
{Heap before GC invocations=30 (full 1):
 garbage-first heap   total 102400K, used 75670K [0x00000000c2800000, 0x0000000100000000)
  region size 1024K, 46 young (47104K), 0 survivors (0K)
 Metaspace       used 79278K, committed 79936K, reserved 1179648K
  class space    used 10861K, committed 11200K, reserved 1048576K
}
Event: 682.365 GC heap after
{Heap after GC invocations=31 (full 1):
 garbage-first heap   total 102400K, used 33893K [0x00000000c2800000, 0x0000000100000000)
  region size 1024K, 5 young (5120K), 5 survivors (5120K)
 Metaspace       used 79278K, committed 79936K, reserved 1179648K
  class space    used 10861K, committed 11200K, reserved 1048576K
}
Event: 685.710 GC heap before
{Heap before GC invocations=31 (full 1):
 garbage-first heap   total 102400K, used 63589K [0x00000000c2800000, 0x0000000100000000)
  region size 1024K, 36 young (36864K), 5 survivors (5120K)
 Metaspace       used 79857K, committed 80512K, reserved 1179648K
  class space    used 10889K, committed 11200K, reserved 1048576K
}
Event: 686.219 GC heap after
{Heap after GC invocations=32 (full 2):
 garbage-first heap   total 102400K, used 29065K [0x00000000c2800000, 0x0000000100000000)
  region size 1024K, 0 young (0K), 0 survivors (0K)
 Metaspace       used 79854K, committed 80512K, reserved 1179648K
  class space    used 10888K, committed 11200K, reserved 1048576K
}
Event: 687.966 GC heap before
{Heap before GC invocations=32 (full 2):
 garbage-first heap   total 102400K, used 74121K [0x00000000c2800000, 0x0000000100000000)
  region size 1024K, 45 young (46080K), 0 survivors (0K)
 Metaspace       used 80208K, committed 80896K, reserved 1179648K
  class space    used 10903K, committed 11264K, reserved 1048576K
}
Event: 687.986 GC heap after
{Heap after GC invocations=33 (full 2):
 garbage-first heap   total 102400K, used 33325K [0x00000000c2800000, 0x0000000100000000)
  region size 1024K, 5 young (5120K), 5 survivors (5120K)
 Metaspace       used 80208K, committed 80896K, reserved 1179648K
  class space    used 10903K, committed 11264K, reserved 1048576K
}
Event: 755.316 GC heap before
{Heap before GC invocations=33 (full 2):
 garbage-first heap   total 102400K, used 67117K [0x00000000c2800000, 0x0000000100000000)
  region size 1024K, 39 young (39936K), 5 survivors (5120K)
 Metaspace       used 80740K, committed 81408K, reserved 1179648K
  class space    used 10928K, committed 11264K, reserved 1048576K
}
Event: 758.390 GC heap after
{Heap after GC invocations=34 (full 3):
 garbage-first heap   total 102400K, used 29393K [0x00000000c2800000, 0x0000000100000000)
  region size 1024K, 0 young (0K), 0 survivors (0K)
 Metaspace       used 80737K, committed 81408K, reserved 1179648K
  class space    used 10928K, committed 11264K, reserved 1048576K
}
Event: 766.703 GC heap before
{Heap before GC invocations=34 (full 3):
 garbage-first heap   total 102400K, used 74449K [0x00000000c2800000, 0x0000000100000000)
  region size 1024K, 45 young (46080K), 0 survivors (0K)
 Metaspace       used 81056K, committed 81856K, reserved 1179648K
  class space    used 10946K, committed 11328K, reserved 1048576K
}
Event: 766.746 GC heap after
{Heap after GC invocations=35 (full 3):
 garbage-first heap   total 102400K, used 33682K [0x00000000c2800000, 0x0000000100000000)
  region size 1024K, 5 young (5120K), 5 survivors (5120K)
 Metaspace       used 81056K, committed 81856K, reserved 1179648K
  class space    used 10946K, committed 11328K, reserved 1048576K
}
Event: 772.369 GC heap before
{Heap before GC invocations=35 (full 3):
 garbage-first heap   total 102400K, used 77714K [0x00000000c2800000, 0x0000000100000000)
  region size 1024K, 48 young (49152K), 5 survivors (5120K)
 Metaspace       used 81736K, committed 82560K, reserved 1179648K
  class space    used 11013K, committed 11392K, reserved 1048576K
}
Event: 772.475 GC heap after
{Heap after GC invocations=36 (full 3):
 garbage-first heap   total 102400K, used 36149K [0x00000000c2800000, 0x0000000100000000)
  region size 1024K, 4 young (4096K), 4 survivors (4096K)
 Metaspace       used 81736K, committed 82560K, reserved 1179648K
  class space    used 11013K, committed 11392K, reserved 1048576K
}

